-------------------------------------------------------------------------------
Test set: api.runner.RunnerTest
-------------------------------------------------------------------------------
Tests run: 4, Failures: 1, Errors: 0, Skipped: 0, Time elapsed: 7.32 s <<< FAILURE! - in api.runner.RunnerTest
Import contacts.Import contacts to send email  Time elapsed: 0.886 s  <<< FAILURE!
java.lang.AssertionError: 
1 expectation failed.
Expected status code <200> but was <404>.


