<?xml version="1.0" encoding="UTF-8"?>
<testsuite xmlns:xsi="http://www.w3.org/2001/XMLSchema-instance" xsi:noNamespaceSchemaLocation="https://maven.apache.org/surefire/maven-surefire-plugin/xsd/surefire-test-report-3.0.xsd" version="3.0" name="ui.FilterTest" time="3.796" tests="1" errors="0" skipped="0" failures="0">
  <properties>
[...]
</properties>
  <testcase name="testFilterItem(String)[1]" classname="ui.FilterTest" time="3.587">
    <system-out><![CDATA[2021-10-06 22:07:25 DEBUG MainFilterPage:18 - Button 'Р‘СЂРµРЅРґС‹' has been selected
2021-10-06 22:07:27 DEBUG MainFilterPage:25 - Button 'IronMaxx' has been clicked
2021-10-06 22:07:27 DEBUG ItemFilterPage:18 - Button 'РџСЂРѕС‚РµРёРЅС‹' has been selected
2021-10-06 22:07:27 INFO  ItemFilterPage:24 - Number of items has been determined by filtration
]]></system-out>
  </testcase>
</testsuite>