-------------------------------------------------------------------------------
Test set: ui.FindItemTest
-------------------------------------------------------------------------------
Tests run: 1, Failures: 1, Errors: 0, Skipped: 0, Time elapsed: 6.136 s <<< FAILURE! - in ui.FindItemTest
ui.FindItemTest.testFindItem(String, String, String)[1]  Time elapsed: 6.123 s  <<< FAILURE!
com.codeborne.selenide.ex.ElementNotFound: 
Element not found {By.xpath: //h3.findBy(text 'DEXTREX JUICE')}
Expected: text 'DEXTREX JUICE'
Screenshot: file:/E:/IT%20academy/Финальный%20проект/FinalProject/build/reports/tests/1633608081230.0.png
Page source: file:/E:/IT%20academy/Финальный%20проект/FinalProject/build/reports/tests/1633608081230.0.html
Timeout: 4 s.
	at ui.FindItemTest.testFindItem(FindItemTest.java:30)

